Starting job 6247229 on c4-6 on fram at Mon May 19 15:41:54 CEST 2025


Currently Loaded Modules:
  1) StdEnv (S)

  Where:
   S:  Module is Sticky, requires --force to unload or purge

 


The following have been reloaded with a version change:
  1) GCCcore/13.3.0 => GCCcore/13.2.0
  2) OpenSSL/3 => OpenSSL/1.1
  3) Python/3.12.3-GCCcore-13.3.0 => Python/3.11.5-GCCcore-13.2.0
  4) SQLite/3.45.3-GCCcore-13.3.0 => SQLite/3.43.1-GCCcore-13.2.0
  5) Tcl/8.6.14-GCCcore-13.3.0 => Tcl/8.6.13-GCCcore-13.2.0
  6) XZ/5.4.5-GCCcore-13.3.0 => XZ/5.4.4-GCCcore-13.2.0
  7) binutils/2.42-GCCcore-13.3.0 => binutils/2.40-GCCcore-13.2.0
  8) bzip2/1.0.8-GCCcore-13.3.0 => bzip2/1.0.8-GCCcore-13.2.0
  9) libffi/3.4.5-GCCcore-13.3.0 => libffi/3.4.4-GCCcore-13.2.0
 10) libreadline/8.2-GCCcore-13.3.0 => libreadline/8.2-GCCcore-13.2.0
 11) ncurses/6.5-GCCcore-13.3.0 => ncurses/6.4-GCCcore-13.2.0
 12) zlib/1.3.1-GCCcore-13.3.0 => zlib/1.2.13-GCCcore-13.2.0

slurmstepd: error: execve(): plot_ftle.py: Permission denied
srun: error: c4-6: task 0: Exited with exit code 13
srun: Terminating StepId=6247229.0

real	0m0.191s
user	0m0.013s
sys	0m0.029s

Job 6247229 consumed 0.0 billing hours from project nn8008k.

Submitted 2025-05-19T15:41:53; waited 1.0 seconds in the queue after becoming eligible to run.

Requested wallclock time: 3.0 days
Elapsed wallclock time:   4.0 seconds

Job failed.

Task and CPU statistics:
ID                    CPUs  Tasks  CPU util                Start  Elapsed  Exit status
6247229                 32            0.0 %  2025-05-19T15:41:54    4.0 s  13
6247229.batch           32      1     1.5 %  2025-05-19T15:41:54    4.0 s  13
6247229.plot_ftle.py    32      1     0.0 %  2025-05-19T15:41:58    0.0 s  13

Used CPU time:   1.9 CPU seconds
Unused CPU time: 2.1 CPU minutes

Memory statistics, in GiB:
ID                     Alloc   Usage
6247229                 59.0        
6247229.batch           59.0     0.0
6247229.plot_ftle.py    59.0     0.0

Job 6247229 completed at Mon May 19 15:41:58 CEST 2025
Starting job 6247238 on c9-11 on fram at Mon May 19 15:44:13 CEST 2025


Currently Loaded Modules:
  1) StdEnv (S)

  Where:
   S:  Module is Sticky, requires --force to unload or purge

 


The following have been reloaded with a version change:
  1) GCCcore/13.3.0 => GCCcore/13.2.0
  2) OpenSSL/3 => OpenSSL/1.1
  3) Python/3.12.3-GCCcore-13.3.0 => Python/3.11.5-GCCcore-13.2.0
  4) SQLite/3.45.3-GCCcore-13.3.0 => SQLite/3.43.1-GCCcore-13.2.0
  5) Tcl/8.6.14-GCCcore-13.3.0 => Tcl/8.6.13-GCCcore-13.2.0
  6) XZ/5.4.5-GCCcore-13.3.0 => XZ/5.4.4-GCCcore-13.2.0
  7) binutils/2.42-GCCcore-13.3.0 => binutils/2.40-GCCcore-13.2.0
  8) bzip2/1.0.8-GCCcore-13.3.0 => bzip2/1.0.8-GCCcore-13.2.0
  9) libffi/3.4.5-GCCcore-13.3.0 => libffi/3.4.4-GCCcore-13.2.0
 10) libreadline/8.2-GCCcore-13.3.0 => libreadline/8.2-GCCcore-13.2.0
 11) ncurses/6.5-GCCcore-13.3.0 => ncurses/6.4-GCCcore-13.2.0
 12) zlib/1.3.1-GCCcore-13.3.0 => zlib/1.2.13-GCCcore-13.2.0

slurmstepd: error: execve(): plot_ftle.py: Exec format error
srun: error: c9-11: task 0: Exited with exit code 8
srun: Terminating StepId=6247238.0

real	0m0.233s
user	0m0.010s
sys	0m0.031s

Job 6247238 consumed 0.0 billing hours from project nn8008k.

Submitted 2025-05-19T15:44:12; waited 1.0 seconds in the queue after becoming eligible to run.

Requested wallclock time: 3.0 days
Elapsed wallclock time:   2.0 seconds

Job failed.

Task and CPU statistics:
ID                    CPUs  Tasks  CPU util                Start  Elapsed  Exit status
6247238                 32            0.0 %  2025-05-19T15:44:13    2.0 s  8
6247238.batch           32      1     3.0 %  2025-05-19T15:44:13    2.0 s  8
6247238.plot_ftle.py    32      1     0.0 %  2025-05-19T15:44:15    0.0 s  8

Used CPU time:   1.9 CPU seconds
Unused CPU time: 1.0 CPU minutes

Memory statistics, in GiB:
ID                     Alloc   Usage
6247238                 59.0        
6247238.batch           59.0     0.0
6247238.plot_ftle.py    59.0     0.0

Job 6247238 completed at Mon May 19 15:44:16 CEST 2025
Starting job 6247246 on c9-11 on fram at Mon May 19 15:45:40 CEST 2025


Currently Loaded Modules:
  1) StdEnv (S)

  Where:
   S:  Module is Sticky, requires --force to unload or purge

 


The following have been reloaded with a version change:
  1) GCCcore/13.3.0 => GCCcore/13.2.0
  2) OpenSSL/3 => OpenSSL/1.1
  3) Python/3.12.3-GCCcore-13.3.0 => Python/3.11.5-GCCcore-13.2.0
  4) SQLite/3.45.3-GCCcore-13.3.0 => SQLite/3.43.1-GCCcore-13.2.0
  5) Tcl/8.6.14-GCCcore-13.3.0 => Tcl/8.6.13-GCCcore-13.2.0
  6) XZ/5.4.5-GCCcore-13.3.0 => XZ/5.4.4-GCCcore-13.2.0
  7) binutils/2.42-GCCcore-13.3.0 => binutils/2.40-GCCcore-13.2.0
  8) bzip2/1.0.8-GCCcore-13.3.0 => bzip2/1.0.8-GCCcore-13.2.0
  9) libffi/3.4.5-GCCcore-13.3.0 => libffi/3.4.4-GCCcore-13.2.0
 10) libreadline/8.2-GCCcore-13.3.0 => libreadline/8.2-GCCcore-13.2.0
 11) ncurses/6.5-GCCcore-13.3.0 => ncurses/6.4-GCCcore-13.2.0
 12) zlib/1.3.1-GCCcore-13.3.0 => zlib/1.2.13-GCCcore-13.2.0

slurmstepd: error: execve(): plot_ftle.py: Permission denied
srun: error: c9-11: task 0: Exited with exit code 13
srun: Terminating StepId=6247246.0

real	0m0.196s
user	0m0.013s
sys	0m0.028s

Job 6247246 consumed 0.0 billing hours from project nn8008k.

Submitted 2025-05-19T15:45:39; waited 1.0 seconds in the queue after becoming eligible to run.

Requested wallclock time: 3.0 days
Elapsed wallclock time:   3.0 seconds

Job failed.

Task and CPU statistics:
ID                    CPUs  Tasks  CPU util                Start  Elapsed  Exit status
6247246                 32            0.0 %  2025-05-19T15:45:40    3.0 s  13
6247246.batch           32      1     2.0 %  2025-05-19T15:45:40    3.0 s  13
6247246.plot_ftle.py    32      1     0.0 %  2025-05-19T15:45:42    1.0 s  13

Used CPU time:   1.9 CPU seconds
Unused CPU time: 1.6 CPU minutes

Memory statistics, in GiB:
ID                     Alloc   Usage
6247246                 59.0        
6247246.batch           59.0     0.0
6247246.plot_ftle.py    59.0     0.0

Job 6247246 completed at Mon May 19 15:45:43 CEST 2025
Starting job 6247256 on c13-2 on fram at Mon May 19 15:53:21 CEST 2025


Currently Loaded Modules:
  1) StdEnv (S)

  Where:
   S:  Module is Sticky, requires --force to unload or purge

 


The following have been reloaded with a version change:
  1) GCCcore/13.3.0 => GCCcore/13.2.0
  2) OpenSSL/3 => OpenSSL/1.1
  3) Python/3.12.3-GCCcore-13.3.0 => Python/3.11.5-GCCcore-13.2.0
  4) SQLite/3.45.3-GCCcore-13.3.0 => SQLite/3.43.1-GCCcore-13.2.0
  5) Tcl/8.6.14-GCCcore-13.3.0 => Tcl/8.6.13-GCCcore-13.2.0
  6) XZ/5.4.5-GCCcore-13.3.0 => XZ/5.4.4-GCCcore-13.2.0
  7) binutils/2.42-GCCcore-13.3.0 => binutils/2.40-GCCcore-13.2.0
  8) bzip2/1.0.8-GCCcore-13.3.0 => bzip2/1.0.8-GCCcore-13.2.0
  9) libffi/3.4.5-GCCcore-13.3.0 => libffi/3.4.4-GCCcore-13.2.0
 10) libreadline/8.2-GCCcore-13.3.0 => libreadline/8.2-GCCcore-13.2.0
 11) ncurses/6.5-GCCcore-13.3.0 => ncurses/6.4-GCCcore-13.2.0
 12) zlib/1.3.1-GCCcore-13.3.0 => zlib/1.2.13-GCCcore-13.2.0

slurmstepd: error: execve(): plot_ftle.py: Permission denied
srun: error: c13-2: task 0: Exited with exit code 13
srun: Terminating StepId=6247256.0

real	0m0.217s
user	0m0.013s
sys	0m0.027s

Job 6247256 consumed 0.0 billing hours from project nn8008k.

Submitted 2025-05-19T15:53:19; waited 2.0 seconds in the queue after becoming eligible to run.

Requested wallclock time: 3.0 days
Elapsed wallclock time:   2.0 seconds

Job failed.

Task and CPU statistics:
ID                    CPUs  Tasks  CPU util                Start  Elapsed  Exit status
6247256                 32            0.0 %  2025-05-19T15:53:21    2.0 s  13
6247256.batch           32      1     3.0 %  2025-05-19T15:53:21    2.0 s  13
6247256.plot_ftle.py    32      1     0.0 %  2025-05-19T15:53:23    0.0 s  13

Used CPU time:   1.9 CPU seconds
Unused CPU time: 1.0 CPU minutes

Memory statistics, in GiB:
ID                     Alloc   Usage
6247256                 59.0        
6247256.batch           59.0     0.0
6247256.plot_ftle.py    59.0     0.0

Job 6247256 completed at Mon May 19 15:53:24 CEST 2025
Starting job 6260977 on c5-8 on fram at Sun Jun 1 21:26:48 CEST 2025


Currently Loaded Modules:
  1) StdEnv (S)

  Where:
   S:  Module is Sticky, requires --force to unload or purge

 


The following have been reloaded with a version change:
  1) GCCcore/13.3.0 => GCCcore/13.2.0
  2) OpenSSL/3 => OpenSSL/1.1
  3) Python/3.12.3-GCCcore-13.3.0 => Python/3.11.5-GCCcore-13.2.0
  4) SQLite/3.45.3-GCCcore-13.3.0 => SQLite/3.43.1-GCCcore-13.2.0
  5) Tcl/8.6.14-GCCcore-13.3.0 => Tcl/8.6.13-GCCcore-13.2.0
  6) XZ/5.4.5-GCCcore-13.3.0 => XZ/5.4.4-GCCcore-13.2.0
  7) binutils/2.42-GCCcore-13.3.0 => binutils/2.40-GCCcore-13.2.0
  8) bzip2/1.0.8-GCCcore-13.3.0 => bzip2/1.0.8-GCCcore-13.2.0
  9) libffi/3.4.5-GCCcore-13.3.0 => libffi/3.4.4-GCCcore-13.2.0
 10) libreadline/8.2-GCCcore-13.3.0 => libreadline/8.2-GCCcore-13.2.0
 11) ncurses/6.5-GCCcore-13.3.0 => ncurses/6.4-GCCcore-13.2.0
 12) zlib/1.3.1-GCCcore-13.3.0 => zlib/1.2.13-GCCcore-13.2.0

slurmstepd: error: execve(): plot_ftle.py: Permission denied
srun: error: c5-8: task 0: Exited with exit code 13
srun: Terminating StepId=6260977.0

real	0m0.313s
user	0m0.012s
sys	0m0.029s

Job 6260977 consumed 0.0 billing hours from project nn8008k.

Submitted 2025-06-01T21:26:47; waited 20240.8 days in the queue after becoming eligible to run.

Requested wallclock time: 0.0 seconds
Elapsed wallclock time:   3.0 seconds

Job failed.

Task and CPU statistics:
ID                    CPUs  Tasks  CPU util                Start  Elapsed  Exit status
6260977                 32            0.0 %  2025-06-01T21:26:48    3.0 s  13
6260977.batch           32      1     2.0 %  2025-06-01T21:26:48    3.0 s  13
6260977.plot_ftle.py    32      1     0.0 %  2025-06-01T21:26:51    0.0 s  13

Used CPU time:   1.9 CPU seconds
Unused CPU time: 1.6 CPU minutes

Memory statistics, in GiB:
ID                     Alloc   Usage
6260977                 59.0        
6260977.batch           59.0     0.0
6260977.plot_ftle.py    59.0     0.0

Job 6260977 completed at Sun Jun 1 21:26:51 CEST 2025
Starting job 6261237 on c6-2 on fram at Mon Jun 2 11:18:11 CEST 2025


Currently Loaded Modules:
  1) StdEnv (S)

  Where:
   S:  Module is Sticky, requires --force to unload or purge

 


The following have been reloaded with a version change:
  1) GCCcore/13.3.0 => GCCcore/13.2.0
  2) OpenSSL/3 => OpenSSL/1.1
  3) Python/3.12.3-GCCcore-13.3.0 => Python/3.11.5-GCCcore-13.2.0
  4) SQLite/3.45.3-GCCcore-13.3.0 => SQLite/3.43.1-GCCcore-13.2.0
  5) Tcl/8.6.14-GCCcore-13.3.0 => Tcl/8.6.13-GCCcore-13.2.0
  6) XZ/5.4.5-GCCcore-13.3.0 => XZ/5.4.4-GCCcore-13.2.0
  7) binutils/2.42-GCCcore-13.3.0 => binutils/2.40-GCCcore-13.2.0
  8) bzip2/1.0.8-GCCcore-13.3.0 => bzip2/1.0.8-GCCcore-13.2.0
  9) libffi/3.4.5-GCCcore-13.3.0 => libffi/3.4.4-GCCcore-13.2.0
 10) libreadline/8.2-GCCcore-13.3.0 => libreadline/8.2-GCCcore-13.2.0
 11) ncurses/6.5-GCCcore-13.3.0 => ncurses/6.4-GCCcore-13.2.0
 12) zlib/1.3.1-GCCcore-13.3.0 => zlib/1.2.13-GCCcore-13.2.0

slurmstepd: error: execve(): plot_ftle.py: Permission denied
srun: error: c6-2: task 0: Exited with exit code 13
srun: Terminating StepId=6261237.0

real	0m1.924s
user	0m0.012s
sys	0m0.030s

Job 6261237 consumed 0.0 billing hours from project nn8008k.

Submitted 2025-06-02T11:18:10; waited 1.0 seconds in the queue after becoming eligible to run.

Requested wallclock time: 3.0 days
Elapsed wallclock time:   5.0 seconds

Job failed.

Task and CPU statistics:
ID                    CPUs  Tasks  CPU util                Start  Elapsed  Exit status
6261237                 32            0.0 %  2025-06-02T11:18:11    5.0 s  13
6261237.batch           32      1     1.2 %  2025-06-02T11:18:11    5.0 s  13
6261237.plot_ftle.py    32      1     0.0 %  2025-06-02T11:18:14    2.0 s  13

Used CPU time:   1.9 CPU seconds
Unused CPU time: 2.6 CPU minutes

Memory statistics, in GiB:
ID                     Alloc   Usage
6261237                 59.0        
6261237.batch           59.0     0.0
6261237.plot_ftle.py    59.0     0.0

Job 6261237 completed at Mon Jun 2 11:18:16 CEST 2025
Starting job 6261263 on c57-3 on fram at Mon Jun 2 11:35:34 CEST 2025


Currently Loaded Modules:
  1) StdEnv (S)

  Where:
   S:  Module is Sticky, requires --force to unload or purge

 


The following have been reloaded with a version change:
  1) GCCcore/13.3.0 => GCCcore/13.2.0
  2) OpenSSL/3 => OpenSSL/1.1
  3) Python/3.12.3-GCCcore-13.3.0 => Python/3.11.5-GCCcore-13.2.0
  4) SQLite/3.45.3-GCCcore-13.3.0 => SQLite/3.43.1-GCCcore-13.2.0
  5) Tcl/8.6.14-GCCcore-13.3.0 => Tcl/8.6.13-GCCcore-13.2.0
  6) XZ/5.4.5-GCCcore-13.3.0 => XZ/5.4.4-GCCcore-13.2.0
  7) binutils/2.42-GCCcore-13.3.0 => binutils/2.40-GCCcore-13.2.0
  8) bzip2/1.0.8-GCCcore-13.3.0 => bzip2/1.0.8-GCCcore-13.2.0
  9) libffi/3.4.5-GCCcore-13.3.0 => libffi/3.4.4-GCCcore-13.2.0
 10) libreadline/8.2-GCCcore-13.3.0 => libreadline/8.2-GCCcore-13.2.0
 11) ncurses/6.5-GCCcore-13.3.0 => ncurses/6.4-GCCcore-13.2.0
 12) zlib/1.3.1-GCCcore-13.3.0 => zlib/1.2.13-GCCcore-13.2.0

slurmstepd: error: execve(): plot_ftle.py: Permission denied
srun: error: c57-3: task 0: Exited with exit code 13
srun: Terminating StepId=6261263.0

real	0m0.199s
user	0m0.012s
sys	0m0.029s

Job 6261263 consumed 0.0 billing hours from project nn8008k.

Submitted 2025-06-02T11:35:33; waited 1.0 seconds in the queue after becoming eligible to run.

Requested wallclock time: 3.0 days
Elapsed wallclock time:   3.0 seconds

Job failed.

Task and CPU statistics:
ID                    CPUs  Tasks  CPU util                Start  Elapsed  Exit status
6261263                 32            0.0 %  2025-06-02T11:35:34    3.0 s  13
6261263.batch           32      1     2.0 %  2025-06-02T11:35:34    3.0 s  13
6261263.plot_ftle.py    32      1     0.0 %  2025-06-02T11:35:36    1.0 s  13

Used CPU time:   1.9 CPU seconds
Unused CPU time: 1.6 CPU minutes

Memory statistics, in GiB:
ID                     Alloc   Usage
6261263                 59.0        
6261263.batch           59.0     0.0
6261263.plot_ftle.py    59.0     0.0

Job 6261263 completed at Mon Jun 2 11:35:37 CEST 2025
Starting job 6261265 on c57-3 on fram at Mon Jun 2 11:38:33 CEST 2025


Currently Loaded Modules:
  1) StdEnv (S)

  Where:
   S:  Module is Sticky, requires --force to unload or purge

 


The following have been reloaded with a version change:
  1) GCCcore/13.3.0 => GCCcore/13.2.0
  2) OpenSSL/3 => OpenSSL/1.1
  3) Python/3.12.3-GCCcore-13.3.0 => Python/3.11.5-GCCcore-13.2.0
  4) SQLite/3.45.3-GCCcore-13.3.0 => SQLite/3.43.1-GCCcore-13.2.0
  5) Tcl/8.6.14-GCCcore-13.3.0 => Tcl/8.6.13-GCCcore-13.2.0
  6) XZ/5.4.5-GCCcore-13.3.0 => XZ/5.4.4-GCCcore-13.2.0
  7) binutils/2.42-GCCcore-13.3.0 => binutils/2.40-GCCcore-13.2.0
  8) bzip2/1.0.8-GCCcore-13.3.0 => bzip2/1.0.8-GCCcore-13.2.0
  9) libffi/3.4.5-GCCcore-13.3.0 => libffi/3.4.4-GCCcore-13.2.0
 10) libreadline/8.2-GCCcore-13.3.0 => libreadline/8.2-GCCcore-13.2.0
 11) ncurses/6.5-GCCcore-13.3.0 => ncurses/6.4-GCCcore-13.2.0
 12) zlib/1.3.1-GCCcore-13.3.0 => zlib/1.2.13-GCCcore-13.2.0

slurmstepd: error: execve(): plot_ftle.py: Exec format error
srun: error: c57-3: task 0: Exited with exit code 8
srun: Terminating StepId=6261265.0

real	0m0.220s
user	0m0.010s
sys	0m0.032s

Job 6261265 consumed 0.0 billing hours from project nn8008k.

Submitted 2025-06-02T11:38:32; waited 1.0 seconds in the queue after becoming eligible to run.

Requested wallclock time: 3.0 days
Elapsed wallclock time:   2.0 seconds

Job failed.

Task and CPU statistics:
ID                    CPUs  Tasks  CPU util                Start  Elapsed  Exit status
6261265                 32            0.0 %  2025-06-02T11:38:33    2.0 s  8
6261265.batch           32      1     3.0 %  2025-06-02T11:38:33    2.0 s  8
6261265.plot_ftle.py    32      1     0.0 %  2025-06-02T11:38:35    0.0 s  8

Used CPU time:   1.9 CPU seconds
Unused CPU time: 1.0 CPU minutes

Memory statistics, in GiB:
ID                     Alloc   Usage
6261265                 59.0        
6261265.batch           59.0     0.0
6261265.plot_ftle.py    59.0     0.0

Job 6261265 completed at Mon Jun 2 11:38:36 CEST 2025
Starting job 6261269 on c60-1 on fram at Mon Jun 2 11:41:05 CEST 2025


Currently Loaded Modules:
  1) StdEnv (S)

  Where:
   S:  Module is Sticky, requires --force to unload or purge

 


The following have been reloaded with a version change:
  1) GCCcore/13.3.0 => GCCcore/13.2.0
  2) OpenSSL/3 => OpenSSL/1.1
  3) Python/3.12.3-GCCcore-13.3.0 => Python/3.11.5-GCCcore-13.2.0
  4) SQLite/3.45.3-GCCcore-13.3.0 => SQLite/3.43.1-GCCcore-13.2.0
  5) Tcl/8.6.14-GCCcore-13.3.0 => Tcl/8.6.13-GCCcore-13.2.0
  6) XZ/5.4.5-GCCcore-13.3.0 => XZ/5.4.4-GCCcore-13.2.0
  7) binutils/2.42-GCCcore-13.3.0 => binutils/2.40-GCCcore-13.2.0
  8) bzip2/1.0.8-GCCcore-13.3.0 => bzip2/1.0.8-GCCcore-13.2.0
  9) libffi/3.4.5-GCCcore-13.3.0 => libffi/3.4.4-GCCcore-13.2.0
 10) libreadline/8.2-GCCcore-13.3.0 => libreadline/8.2-GCCcore-13.2.0
 11) ncurses/6.5-GCCcore-13.3.0 => ncurses/6.4-GCCcore-13.2.0
 12) zlib/1.3.1-GCCcore-13.3.0 => zlib/1.2.13-GCCcore-13.2.0

slurmstepd: error: execve(): plot_ftle.py: Permission denied
srun: error: c60-1: task 0: Exited with exit code 13
srun: Terminating StepId=6261269.0

real	0m0.207s
user	0m0.010s
sys	0m0.029s

Job 6261269 consumed 0.0 billing hours from project nn8008k.

Submitted 2025-06-02T11:41:04; waited 1.0 seconds in the queue after becoming eligible to run.

Requested wallclock time: 3.0 days
Elapsed wallclock time:   3.0 seconds

Job failed.

Task and CPU statistics:
ID                    CPUs  Tasks  CPU util                Start  Elapsed  Exit status
6261269                 32            0.0 %  2025-06-02T11:41:05    3.0 s  13
6261269.batch           32      1     2.0 %  2025-06-02T11:41:05    3.0 s  13
6261269.plot_ftle.py    32      1     0.0 %  2025-06-02T11:41:07    1.0 s  13

Used CPU time:   1.9 CPU seconds
Unused CPU time: 1.6 CPU minutes

Memory statistics, in GiB:
ID                     Alloc   Usage
6261269                 59.0        
6261269.batch           59.0     0.0
6261269.plot_ftle.py    59.0     0.0

Job 6261269 completed at Mon Jun 2 11:41:08 CEST 2025
Starting job 6261285 on c62-6 on fram at Mon Jun 2 12:00:01 CEST 2025


Currently Loaded Modules:
  1) StdEnv (S)

  Where:
   S:  Module is Sticky, requires --force to unload or purge

 


The following have been reloaded with a version change:
  1) GCCcore/13.3.0 => GCCcore/13.2.0
  2) OpenSSL/3 => OpenSSL/1.1
  3) Python/3.12.3-GCCcore-13.3.0 => Python/3.11.5-GCCcore-13.2.0
  4) SQLite/3.45.3-GCCcore-13.3.0 => SQLite/3.43.1-GCCcore-13.2.0
  5) Tcl/8.6.14-GCCcore-13.3.0 => Tcl/8.6.13-GCCcore-13.2.0
  6) XZ/5.4.5-GCCcore-13.3.0 => XZ/5.4.4-GCCcore-13.2.0
  7) binutils/2.42-GCCcore-13.3.0 => binutils/2.40-GCCcore-13.2.0
  8) bzip2/1.0.8-GCCcore-13.3.0 => bzip2/1.0.8-GCCcore-13.2.0
  9) libffi/3.4.5-GCCcore-13.3.0 => libffi/3.4.4-GCCcore-13.2.0
 10) libreadline/8.2-GCCcore-13.3.0 => libreadline/8.2-GCCcore-13.2.0
 11) ncurses/6.5-GCCcore-13.3.0 => ncurses/6.4-GCCcore-13.2.0
 12) zlib/1.3.1-GCCcore-13.3.0 => zlib/1.2.13-GCCcore-13.2.0

slurmstepd: error: execve(): plot_ftle.py: Permission denied
srun: error: c62-6: task 0: Exited with exit code 13
srun: Terminating StepId=6261285.0

real	0m0.210s
user	0m0.013s
sys	0m0.029s

Job 6261285 consumed 0.0 billing hours from project nn8008k.

Submitted 2025-06-02T12:00:00; waited 20241.4 days in the queue after becoming eligible to run.

Requested wallclock time: 0.0 seconds
Elapsed wallclock time:   3.0 seconds

Job failed.

Task and CPU statistics:
ID                    CPUs  Tasks  CPU util                Start  Elapsed  Exit status
6261285                 32            0.0 %  2025-06-02T12:00:01    3.0 s  13
6261285.batch           32      1     2.0 %  2025-06-02T12:00:01    3.0 s  13
6261285.plot_ftle.py    32      1     0.0 %  2025-06-02T12:00:03    1.0 s  13

Used CPU time:   1.9 CPU seconds
Unused CPU time: 1.6 CPU minutes

Memory statistics, in GiB:
ID                     Alloc   Usage
6261285                 59.0        
6261285.batch           59.0     0.0
6261285.plot_ftle.py    59.0     0.0

Job 6261285 completed at Mon Jun 2 12:00:04 CEST 2025
Starting job 6261286 on c3-10 on fram at Mon Jun 2 12:03:44 CEST 2025


Currently Loaded Modules:
  1) StdEnv (S)

  Where:
   S:  Module is Sticky, requires --force to unload or purge

 


The following have been reloaded with a version change:
  1) FFTW/3.3.10-GCC-13.3.0 => FFTW/3.3.10-GCC-11.3.0
  2) FlexiBLAS/3.4.4-GCC-13.3.0 => FlexiBLAS/3.2.0-GCC-11.3.0
  3) GCC/13.3.0 => GCC/11.3.0
  4) GCCcore/13.3.0 => GCCcore/11.3.0
  5) OpenBLAS/0.3.27-GCC-13.3.0 => OpenBLAS/0.3.20-GCC-11.3.0
  6) OpenSSL/3 => OpenSSL/1.1
  7) Python/3.12.3-GCCcore-13.3.0 => Python/3.10.4-GCCcore-11.3.0
  8) SQLite/3.45.3-GCCcore-13.3.0 => SQLite/3.38.3-GCCcore-11.3.0
  9) SciPy-bundle/2024.05-gfbf-2024a => SciPy-bundle/2022.05-foss-2022a
 10) Tcl/8.6.14-GCCcore-13.3.0 => Tcl/8.6.12-GCCcore-11.3.0
 11) XZ/5.4.5-GCCcore-13.3.0 => XZ/5.2.5-GCCcore-11.3.0
 12) binutils/2.42-GCCcore-13.3.0 => binutils/2.38-GCCcore-11.3.0
 13) bzip2/1.0.8-GCCcore-13.3.0 => bzip2/1.0.8-GCCcore-11.3.0
 14) gzip/1.13-GCCcore-13.3.0 => gzip/1.12-GCCcore-11.3.0
 15) libffi/3.4.5-GCCcore-13.3.0 => libffi/3.4.2-GCCcore-11.3.0
 16) libreadline/8.2-GCCcore-13.3.0 => libreadline/8.1.2-GCCcore-11.3.0
 17) lz4/1.9.4-GCCcore-13.3.0 => lz4/1.9.3-GCCcore-11.3.0
 18) ncurses/6.5-GCCcore-13.3.0 => ncurses/6.3-GCCcore-11.3.0
 19) pybind11/2.12.0-GCC-13.3.0 => pybind11/2.9.2-GCCcore-11.3.0
 20) zlib/1.3.1-GCCcore-13.3.0 => zlib/1.2.12-GCCcore-11.3.0
 21) zstd/1.5.6-GCCcore-13.3.0 => zstd/1.5.2-GCCcore-11.3.0

slurmstepd: error: execve(): plot_ftle.py: Permission denied
srun: error: c3-10: task 0: Exited with exit code 13
srun: Terminating StepId=6261286.0

real	0m0.269s
user	0m0.024s
sys	0m0.051s

Job 6261286 consumed 0.0 billing hours from project nn8008k.

Submitted 2025-06-02T12:03:43; waited 1.0 seconds in the queue after becoming eligible to run.

Requested wallclock time: 3.0 days
Elapsed wallclock time:   5.0 seconds

Job failed.

Task and CPU statistics:
ID                    CPUs  Tasks  CPU util                Start  Elapsed  Exit status
6261286                 32            0.0 %  2025-06-02T12:03:44    5.0 s  13
6261286.batch           32      1     2.9 %  2025-06-02T12:03:44    5.0 s  13
6261286.plot_ftle.py    32      1     0.0 %  2025-06-02T12:03:49    0.0 s  13

Used CPU time:   4.7 CPU seconds
Unused CPU time: 2.6 CPU minutes

Memory statistics, in GiB:
ID                     Alloc   Usage
6261286                 59.0        
6261286.batch           59.0     0.0
6261286.plot_ftle.py    59.0     0.0

Job 6261286 completed at Mon Jun 2 12:03:50 CEST 2025
Starting job 6261289 on c3-10 on fram at Mon Jun 2 12:26:19 CEST 2025


Currently Loaded Modules:
  1) StdEnv (S)

  Where:
   S:  Module is Sticky, requires --force to unload or purge

 


The following have been reloaded with a version change:
  1) FFTW/3.3.10-GCC-13.3.0 => FFTW/3.3.10-GCC-11.3.0
  2) FlexiBLAS/3.4.4-GCC-13.3.0 => FlexiBLAS/3.2.0-GCC-11.3.0
  3) GCC/13.3.0 => GCC/11.3.0
  4) GCCcore/13.3.0 => GCCcore/11.3.0
  5) OpenBLAS/0.3.27-GCC-13.3.0 => OpenBLAS/0.3.20-GCC-11.3.0
  6) OpenSSL/3 => OpenSSL/1.1
  7) Python/3.12.3-GCCcore-13.3.0 => Python/3.10.4-GCCcore-11.3.0
  8) SQLite/3.45.3-GCCcore-13.3.0 => SQLite/3.38.3-GCCcore-11.3.0
  9) SciPy-bundle/2024.05-gfbf-2024a => SciPy-bundle/2022.05-foss-2022a
 10) Tcl/8.6.14-GCCcore-13.3.0 => Tcl/8.6.12-GCCcore-11.3.0
 11) XZ/5.4.5-GCCcore-13.3.0 => XZ/5.2.5-GCCcore-11.3.0
 12) binutils/2.42-GCCcore-13.3.0 => binutils/2.38-GCCcore-11.3.0
 13) bzip2/1.0.8-GCCcore-13.3.0 => bzip2/1.0.8-GCCcore-11.3.0
 14) gzip/1.13-GCCcore-13.3.0 => gzip/1.12-GCCcore-11.3.0
 15) libffi/3.4.5-GCCcore-13.3.0 => libffi/3.4.2-GCCcore-11.3.0
 16) libreadline/8.2-GCCcore-13.3.0 => libreadline/8.1.2-GCCcore-11.3.0
 17) lz4/1.9.4-GCCcore-13.3.0 => lz4/1.9.3-GCCcore-11.3.0
 18) ncurses/6.5-GCCcore-13.3.0 => ncurses/6.3-GCCcore-11.3.0
 19) pybind11/2.12.0-GCC-13.3.0 => pybind11/2.9.2-GCCcore-11.3.0
 20) zlib/1.3.1-GCCcore-13.3.0 => zlib/1.2.12-GCCcore-11.3.0
 21) zstd/1.5.6-GCCcore-13.3.0 => zstd/1.5.2-GCCcore-11.3.0

slurmstepd: error: execve(): plot_ftle.py: Permission denied
srun: error: c3-10: task 0: Exited with exit code 13
srun: Terminating StepId=6261289.0

real	0m0.269s
user	0m0.016s
sys	0m0.059s

Job 6261289 consumed 0.0 billing hours from project nn8008k.

Submitted 2025-06-02T12:26:18; waited 1.0 seconds in the queue after becoming eligible to run.

Requested wallclock time: 3.0 days
Elapsed wallclock time:   5.0 seconds

Job failed.

Task and CPU statistics:
ID                    CPUs  Tasks  CPU util                Start  Elapsed  Exit status
6261289                 32            0.0 %  2025-06-02T12:26:19    5.0 s  13
6261289.batch           32      1     2.9 %  2025-06-02T12:26:19    5.0 s  13
6261289.plot_ftle.py    32      1     0.0 %  2025-06-02T12:26:24    0.0 s  13

Used CPU time:   4.6 CPU seconds
Unused CPU time: 2.6 CPU minutes

Memory statistics, in GiB:
ID                     Alloc   Usage
6261289                 59.0        
6261289.batch           59.0     0.0
6261289.plot_ftle.py    59.0     0.0

Job 6261289 completed at Mon Jun 2 12:26:25 CEST 2025
Starting job 6261374 on c3-10 on fram at Mon Jun 2 15:42:34 CEST 2025


Currently Loaded Modules:
  1) StdEnv (S)

  Where:
   S:  Module is Sticky, requires --force to unload or purge

 


The following have been reloaded with a version change:
  1) FFTW/3.3.10-GCC-13.3.0 => FFTW/3.3.10-GCC-11.3.0
  2) FlexiBLAS/3.4.4-GCC-13.3.0 => FlexiBLAS/3.2.0-GCC-11.3.0
  3) GCC/13.3.0 => GCC/11.3.0
  4) GCCcore/13.3.0 => GCCcore/11.3.0
  5) OpenBLAS/0.3.27-GCC-13.3.0 => OpenBLAS/0.3.20-GCC-11.3.0
  6) OpenSSL/3 => OpenSSL/1.1
  7) Python/3.12.3-GCCcore-13.3.0 => Python/3.10.4-GCCcore-11.3.0
  8) SQLite/3.45.3-GCCcore-13.3.0 => SQLite/3.38.3-GCCcore-11.3.0
  9) SciPy-bundle/2024.05-gfbf-2024a => SciPy-bundle/2022.05-foss-2022a
 10) Tcl/8.6.14-GCCcore-13.3.0 => Tcl/8.6.12-GCCcore-11.3.0
 11) XZ/5.4.5-GCCcore-13.3.0 => XZ/5.2.5-GCCcore-11.3.0
 12) binutils/2.42-GCCcore-13.3.0 => binutils/2.38-GCCcore-11.3.0
 13) bzip2/1.0.8-GCCcore-13.3.0 => bzip2/1.0.8-GCCcore-11.3.0
 14) gzip/1.13-GCCcore-13.3.0 => gzip/1.12-GCCcore-11.3.0
 15) libffi/3.4.5-GCCcore-13.3.0 => libffi/3.4.2-GCCcore-11.3.0
 16) libreadline/8.2-GCCcore-13.3.0 => libreadline/8.1.2-GCCcore-11.3.0
 17) lz4/1.9.4-GCCcore-13.3.0 => lz4/1.9.3-GCCcore-11.3.0
 18) ncurses/6.5-GCCcore-13.3.0 => ncurses/6.3-GCCcore-11.3.0
 19) pybind11/2.12.0-GCC-13.3.0 => pybind11/2.9.2-GCCcore-11.3.0
 20) zlib/1.3.1-GCCcore-13.3.0 => zlib/1.2.12-GCCcore-11.3.0
 21) zstd/1.5.6-GCCcore-13.3.0 => zstd/1.5.2-GCCcore-11.3.0

slurmstepd: error: execve(): plot_ftle.py: Permission denied
srun: error: c3-10: task 0: Exited with exit code 13
srun: Terminating StepId=6261374.0

real	0m0.314s
user	0m0.021s
sys	0m0.051s

Job 6261374 consumed 0.1 billing hours from project nn8008k.

Submitted 2025-06-02T15:42:33; waited 1.0 seconds in the queue after becoming eligible to run.

Requested wallclock time: 3.0 days
Elapsed wallclock time:   7.0 seconds

Job failed.

Task and CPU statistics:
ID                    CPUs  Tasks  CPU util                Start  Elapsed  Exit status
6261374                 32            0.0 %  2025-06-02T15:42:34    7.0 s  13
6261374.batch           32      1     2.1 %  2025-06-02T15:42:34    7.0 s  13
6261374.plot_ftle.py    32      1     0.0 %  2025-06-02T15:42:41    0.0 s  13

Used CPU time:   4.7 CPU seconds
Unused CPU time: 3.7 CPU minutes

Memory statistics, in GiB:
ID                     Alloc   Usage
6261374                 59.0        
6261374.batch           59.0     0.0
6261374.plot_ftle.py    59.0     0.0

Job 6261374 completed at Mon Jun 2 15:42:42 CEST 2025
Starting job 6261415 on c6-10 on fram at Mon Jun 2 15:53:11 CEST 2025


Currently Loaded Modules:
  1) StdEnv (S)

  Where:
   S:  Module is Sticky, requires --force to unload or purge

 


The following have been reloaded with a version change:
  1) FFTW/3.3.10-GCC-13.3.0 => FFTW/3.3.10-GCC-11.3.0
  2) FlexiBLAS/3.4.4-GCC-13.3.0 => FlexiBLAS/3.2.0-GCC-11.3.0
  3) GCC/13.3.0 => GCC/11.3.0
  4) GCCcore/13.3.0 => GCCcore/11.3.0
  5) OpenBLAS/0.3.27-GCC-13.3.0 => OpenBLAS/0.3.20-GCC-11.3.0
  6) OpenSSL/3 => OpenSSL/1.1
  7) Python/3.12.3-GCCcore-13.3.0 => Python/3.10.4-GCCcore-11.3.0
  8) SQLite/3.45.3-GCCcore-13.3.0 => SQLite/3.38.3-GCCcore-11.3.0
  9) SciPy-bundle/2024.05-gfbf-2024a => SciPy-bundle/2022.05-foss-2022a
 10) Tcl/8.6.14-GCCcore-13.3.0 => Tcl/8.6.12-GCCcore-11.3.0
 11) XZ/5.4.5-GCCcore-13.3.0 => XZ/5.2.5-GCCcore-11.3.0
 12) binutils/2.42-GCCcore-13.3.0 => binutils/2.38-GCCcore-11.3.0
 13) bzip2/1.0.8-GCCcore-13.3.0 => bzip2/1.0.8-GCCcore-11.3.0
 14) gzip/1.13-GCCcore-13.3.0 => gzip/1.12-GCCcore-11.3.0
 15) libffi/3.4.5-GCCcore-13.3.0 => libffi/3.4.2-GCCcore-11.3.0
 16) libreadline/8.2-GCCcore-13.3.0 => libreadline/8.1.2-GCCcore-11.3.0
 17) lz4/1.9.4-GCCcore-13.3.0 => lz4/1.9.3-GCCcore-11.3.0
 18) ncurses/6.5-GCCcore-13.3.0 => ncurses/6.3-GCCcore-11.3.0
 19) pybind11/2.12.0-GCC-13.3.0 => pybind11/2.9.2-GCCcore-11.3.0
 20) zlib/1.3.1-GCCcore-13.3.0 => zlib/1.2.12-GCCcore-11.3.0
 21) zstd/1.5.6-GCCcore-13.3.0 => zstd/1.5.2-GCCcore-11.3.0

slurmstepd: error: execve(): plot_ftle.py: Permission denied
srun: error: c6-10: task 0: Exited with exit code 13
srun: Terminating StepId=6261415.0

real	0m0.263s
user	0m0.019s
sys	0m0.055s

Job 6261415 consumed 0.0 billing hours from project nn8008k.

Submitted 2025-06-02T15:53:09; waited 2.0 seconds in the queue after becoming eligible to run.

Requested wallclock time: 3.0 days
Elapsed wallclock time:   5.0 seconds

Job failed.

Task and CPU statistics:
ID                    CPUs  Tasks  CPU util                Start  Elapsed  Exit status
6261415                 32            0.0 %  2025-06-02T15:53:11    5.0 s  13
6261415.batch           32      1     2.9 %  2025-06-02T15:53:11    5.0 s  13
6261415.plot_ftle.py    32      1     0.0 %  2025-06-02T15:53:16    0.0 s  13

Used CPU time:   4.6 CPU seconds
Unused CPU time: 2.6 CPU minutes

Memory statistics, in GiB:
ID                     Alloc   Usage
6261415                 59.0        
6261415.batch           59.0     0.0
6261415.plot_ftle.py    59.0     0.0

Job 6261415 completed at Mon Jun 2 15:53:17 CEST 2025
Starting job 6261419 on c6-10 on fram at Mon Jun 2 16:00:14 CEST 2025


Currently Loaded Modules:
  1) StdEnv (S)

  Where:
   S:  Module is Sticky, requires --force to unload or purge

 


The following have been reloaded with a version change:
  1) FFTW/3.3.10-GCC-13.3.0 => FFTW/3.3.10-GCC-11.3.0
  2) FlexiBLAS/3.4.4-GCC-13.3.0 => FlexiBLAS/3.2.0-GCC-11.3.0
  3) GCC/13.3.0 => GCC/11.3.0
  4) GCCcore/13.3.0 => GCCcore/11.3.0
  5) OpenBLAS/0.3.27-GCC-13.3.0 => OpenBLAS/0.3.20-GCC-11.3.0
  6) OpenSSL/3 => OpenSSL/1.1
  7) Python/3.12.3-GCCcore-13.3.0 => Python/3.10.4-GCCcore-11.3.0
  8) SQLite/3.45.3-GCCcore-13.3.0 => SQLite/3.38.3-GCCcore-11.3.0
  9) SciPy-bundle/2024.05-gfbf-2024a => SciPy-bundle/2022.05-foss-2022a
 10) Tcl/8.6.14-GCCcore-13.3.0 => Tcl/8.6.12-GCCcore-11.3.0
 11) XZ/5.4.5-GCCcore-13.3.0 => XZ/5.2.5-GCCcore-11.3.0
 12) binutils/2.42-GCCcore-13.3.0 => binutils/2.38-GCCcore-11.3.0
 13) bzip2/1.0.8-GCCcore-13.3.0 => bzip2/1.0.8-GCCcore-11.3.0
 14) gzip/1.13-GCCcore-13.3.0 => gzip/1.12-GCCcore-11.3.0
 15) libffi/3.4.5-GCCcore-13.3.0 => libffi/3.4.2-GCCcore-11.3.0
 16) libreadline/8.2-GCCcore-13.3.0 => libreadline/8.1.2-GCCcore-11.3.0
 17) lz4/1.9.4-GCCcore-13.3.0 => lz4/1.9.3-GCCcore-11.3.0
 18) ncurses/6.5-GCCcore-13.3.0 => ncurses/6.3-GCCcore-11.3.0
 19) pybind11/2.12.0-GCC-13.3.0 => pybind11/2.9.2-GCCcore-11.3.0
 20) zlib/1.3.1-GCCcore-13.3.0 => zlib/1.2.12-GCCcore-11.3.0
 21) zstd/1.5.6-GCCcore-13.3.0 => zstd/1.5.2-GCCcore-11.3.0

slurmstepd: error: execve(): plot_ftle.py: Permission denied
srun: error: c6-10: task 0: Exited with exit code 13
srun: Terminating StepId=6261419.0

real	0m0.268s
user	0m0.023s
sys	0m0.049s

Job 6261419 consumed 0.0 billing hours from project nn8008k.

Submitted 2025-06-02T15:59:53; waited 21.0 seconds in the queue after becoming eligible to run.

Requested wallclock time: 3.0 days
Elapsed wallclock time:   5.0 seconds

Job failed.

Task and CPU statistics:
ID                    CPUs  Tasks  CPU util                Start  Elapsed  Exit status
6261419                 32            0.0 %  2025-06-02T16:00:14    5.0 s  13
6261419.batch           32      1     2.8 %  2025-06-02T16:00:14    5.0 s  13
6261419.plot_ftle.py    32      1     0.0 %  2025-06-02T16:00:19    0.0 s  13

Used CPU time:   4.6 CPU seconds
Unused CPU time: 2.6 CPU minutes

Memory statistics, in GiB:
ID                     Alloc   Usage
6261419                 59.0        
6261419.batch           59.0     0.0
6261419.plot_ftle.py    59.0     0.0

Job 6261419 completed at Mon Jun 2 16:00:20 CEST 2025
Starting job 6261421 on c85-12 on fram at Mon Jun 2 16:01:16 CEST 2025


Currently Loaded Modules:
  1) StdEnv (S)

  Where:
   S:  Module is Sticky, requires --force to unload or purge

 


The following have been reloaded with a version change:
  1) FFTW/3.3.10-GCC-13.3.0 => FFTW/3.3.10-GCC-11.3.0
  2) FlexiBLAS/3.4.4-GCC-13.3.0 => FlexiBLAS/3.2.0-GCC-11.3.0
  3) GCC/13.3.0 => GCC/11.3.0
  4) GCCcore/13.3.0 => GCCcore/11.3.0
  5) OpenBLAS/0.3.27-GCC-13.3.0 => OpenBLAS/0.3.20-GCC-11.3.0
  6) OpenSSL/3 => OpenSSL/1.1
  7) Python/3.12.3-GCCcore-13.3.0 => Python/3.10.4-GCCcore-11.3.0
  8) SQLite/3.45.3-GCCcore-13.3.0 => SQLite/3.38.3-GCCcore-11.3.0
  9) SciPy-bundle/2024.05-gfbf-2024a => SciPy-bundle/2022.05-foss-2022a
 10) Tcl/8.6.14-GCCcore-13.3.0 => Tcl/8.6.12-GCCcore-11.3.0
 11) XZ/5.4.5-GCCcore-13.3.0 => XZ/5.2.5-GCCcore-11.3.0
 12) binutils/2.42-GCCcore-13.3.0 => binutils/2.38-GCCcore-11.3.0
 13) bzip2/1.0.8-GCCcore-13.3.0 => bzip2/1.0.8-GCCcore-11.3.0
 14) gzip/1.13-GCCcore-13.3.0 => gzip/1.12-GCCcore-11.3.0
 15) libffi/3.4.5-GCCcore-13.3.0 => libffi/3.4.2-GCCcore-11.3.0
 16) libreadline/8.2-GCCcore-13.3.0 => libreadline/8.1.2-GCCcore-11.3.0
 17) lz4/1.9.4-GCCcore-13.3.0 => lz4/1.9.3-GCCcore-11.3.0
 18) ncurses/6.5-GCCcore-13.3.0 => ncurses/6.3-GCCcore-11.3.0
 19) pybind11/2.12.0-GCC-13.3.0 => pybind11/2.9.2-GCCcore-11.3.0
 20) zlib/1.3.1-GCCcore-13.3.0 => zlib/1.2.12-GCCcore-11.3.0
 21) zstd/1.5.6-GCCcore-13.3.0 => zstd/1.5.2-GCCcore-11.3.0

slurmstepd: error: execve(): plot_ftle.py: Permission denied
slurmstepd: error: execve(): plot_ftle.py: Permission denied
slurmstepd: error: execve(): plot_ftle.py: Permission denied
slurmstepd: error: execve(): plot_ftle.py: Permission denied
slurmstepd: error: execve(): plot_ftle.py: Permission denied
slurmstepd: error: execve(): plot_ftle.py: Permission denied
slurmstepd: error: execve(): plot_ftle.py: Permission denied
slurmstepd: error: execve(): plot_ftle.py: Permission denied
slurmstepd: error: execve(): plot_ftle.py: Permission denied
slurmstepd: error: execve(): plot_ftle.py: Permission denied
slurmstepd: error: execve(): plot_ftle.py: Permission denied
slurmstepd: error: execve(): plot_ftle.py: Permission denied
slurmstepd: error: execve(): plot_ftle.py: Permission denied
slurmstepd: error: execve(): plot_ftle.py: Permission denied
slurmstepd: error: execve(): plot_ftle.py: Permission denied
slurmstepd: error: execve(): plot_ftle.py: Permission denied
slurmstepd: error: execve(): plot_ftle.py: Permission denied
slurmstepd: error: execve(): plot_ftle.py: Permission denied
slurmstepd: error: execve(): plot_ftle.py: Permission denied
slurmstepd: error: execve(): plot_ftle.py: Permission denied
slurmstepd: error: execve(): plot_ftle.py: Permission denied
slurmstepd: error: execve(): plot_ftle.py: Permission denied
slurmstepd: error: execve(): plot_ftle.py: Permission denied
slurmstepd: error: execve(): plot_ftle.py: Permission denied
slurmstepd: error: execve(): plot_ftle.py: Permission denied
slurmstepd: error: execve(): plot_ftle.py: Permission denied
slurmstepd: error: execve(): plot_ftle.py: Permission denied
slurmstepd: error: execve(): plot_ftle.py: Permission denied
slurmstepd: error: execve(): plot_ftle.py: Permission denied
slurmstepd: error: execve(): plot_ftle.py: Permission denied
slurmstepd: error: execve(): plot_ftle.py: Permission denied
slurmstepd: error: execve(): plot_ftle.py: Permission denied
srun: error: c85-12: tasks 0-31: Exited with exit code 13
srun: Terminating StepId=6261421.0

real	0m0.638s
user	0m0.021s
sys	0m0.055s

Job 6261421 consumed 0.1 billing hours from project nn8008k.

Submitted 2025-06-02T16:01:15; waited 1.0 seconds in the queue after becoming eligible to run.

Requested wallclock time: 3.0 days
Elapsed wallclock time:   6.0 seconds

Job failed.

Task and CPU statistics:
ID                    CPUs  Tasks  CPU util                Start  Elapsed  Exit status
6261421                 32            0.0 %  2025-06-02T16:01:16    6.0 s  13
6261421.batch           32      1     2.4 %  2025-06-02T16:01:16    6.0 s  13
6261421.plot_ftle.py    32     32    10.4 %  2025-06-02T16:01:21    1.0 s  13

Used CPU time:   8.0 CPU seconds
Unused CPU time: 3.1 CPU minutes

Memory statistics, in GiB:
ID                     Alloc   Usage
6261421                 59.0        
6261421.batch           59.0     0.0
6261421.plot_ftle.py    59.0     0.0

Job 6261421 completed at Mon Jun 2 16:01:22 CEST 2025
Starting job 6261422 on c85-12 on fram at Mon Jun 2 16:03:44 CEST 2025


Currently Loaded Modules:
  1) StdEnv (S)

  Where:
   S:  Module is Sticky, requires --force to unload or purge

 


The following have been reloaded with a version change:
  1) FFTW/3.3.10-GCC-13.3.0 => FFTW/3.3.10-GCC-11.3.0
  2) FlexiBLAS/3.4.4-GCC-13.3.0 => FlexiBLAS/3.2.0-GCC-11.3.0
  3) GCC/13.3.0 => GCC/11.3.0
  4) GCCcore/13.3.0 => GCCcore/11.3.0
  5) OpenBLAS/0.3.27-GCC-13.3.0 => OpenBLAS/0.3.20-GCC-11.3.0
  6) OpenSSL/3 => OpenSSL/1.1
  7) Python/3.12.3-GCCcore-13.3.0 => Python/3.10.4-GCCcore-11.3.0
  8) SQLite/3.45.3-GCCcore-13.3.0 => SQLite/3.38.3-GCCcore-11.3.0
  9) SciPy-bundle/2024.05-gfbf-2024a => SciPy-bundle/2022.05-foss-2022a
 10) Tcl/8.6.14-GCCcore-13.3.0 => Tcl/8.6.12-GCCcore-11.3.0
 11) XZ/5.4.5-GCCcore-13.3.0 => XZ/5.2.5-GCCcore-11.3.0
 12) binutils/2.42-GCCcore-13.3.0 => binutils/2.38-GCCcore-11.3.0
 13) bzip2/1.0.8-GCCcore-13.3.0 => bzip2/1.0.8-GCCcore-11.3.0
 14) gzip/1.13-GCCcore-13.3.0 => gzip/1.12-GCCcore-11.3.0
 15) libffi/3.4.5-GCCcore-13.3.0 => libffi/3.4.2-GCCcore-11.3.0
 16) libreadline/8.2-GCCcore-13.3.0 => libreadline/8.1.2-GCCcore-11.3.0
 17) lz4/1.9.4-GCCcore-13.3.0 => lz4/1.9.3-GCCcore-11.3.0
 18) ncurses/6.5-GCCcore-13.3.0 => ncurses/6.3-GCCcore-11.3.0
 19) pybind11/2.12.0-GCC-13.3.0 => pybind11/2.9.2-GCCcore-11.3.0
 20) zlib/1.3.1-GCCcore-13.3.0 => zlib/1.2.12-GCCcore-11.3.0
 21) zstd/1.5.6-GCCcore-13.3.0 => zstd/1.5.2-GCCcore-11.3.0

slurmstepd: error: execve(): plot_ftle.py: Permission denied
slurmstepd: error: execve(): plot_ftle.py: Permission denied
slurmstepd: error: execve(): plot_ftle.py: Permission denied
slurmstepd: error: execve(): plot_ftle.py: Permission denied
slurmstepd: error: execve(): plot_ftle.py: Permission denied
slurmstepd: error: execve(): plot_ftle.py: Permission denied
slurmstepd: error: execve(): plot_ftle.py: Permission denied
slurmstepd: error: execve(): plot_ftle.py: Permission denied
slurmstepd: error: execve(): plot_ftle.py: Permission denied
slurmstepd: error: execve(): plot_ftle.py: Permission denied
slurmstepd: error: execve(): plot_ftle.py: Permission denied
slurmstepd: error: execve(): plot_ftle.py: Permission denied
slurmstepd: error: execve(): plot_ftle.py: Permission denied
slurmstepd: error: execve(): plot_ftle.py: Permission denied
slurmstepd: error: execve(): plot_ftle.py: Permission denied
slurmstepd: error: execve(): plot_ftle.py: Permission denied
slurmstepd: error: execve(): plot_ftle.py: Permission denied
slurmstepd: error: execve(): plot_ftle.py: Permission denied
slurmstepd: error: execve(): plot_ftle.py: Permission denied
slurmstepd: error: execve(): plot_ftle.py: Permission denied
slurmstepd: error: execve(): plot_ftle.py: Permission denied
slurmstepd: error: execve(): plot_ftle.py: Permission denied
slurmstepd: error: execve(): plot_ftle.py: Permission denied
slurmstepd: error: execve(): plot_ftle.py: Permission denied
slurmstepd: error: execve(): plot_ftle.py: Permission denied
slurmstepd: error: execve(): plot_ftle.py: Permission denied
slurmstepd: error: execve(): plot_ftle.py: Permission denied
slurmstepd: error: execve(): plot_ftle.py: Permission denied
slurmstepd: error: execve(): plot_ftle.py: Permission denied
slurmstepd: error: execve(): plot_ftle.py: Permission denied
slurmstepd: error: execve(): plot_ftle.py: Permission denied
slurmstepd: error: execve(): plot_ftle.py: Permission denied
srun: error: c85-12: tasks 0-31: Exited with exit code 13
srun: Terminating StepId=6261422.0

real	0m0.670s
user	0m0.019s
sys	0m0.057s

Job 6261422 consumed 0.1 billing hours from project nn8008k.

Submitted 2025-06-02T16:03:43; waited 1.0 seconds in the queue after becoming eligible to run.

Requested wallclock time: 3.0 days
Elapsed wallclock time:   6.0 seconds

Job failed.

Task and CPU statistics:
ID                    CPUs  Tasks  CPU util                Start  Elapsed  Exit status
6261422                 32            0.0 %  2025-06-02T16:03:44    6.0 s  13
6261422.batch           32      1     2.4 %  2025-06-02T16:03:44    6.0 s  13
6261422.plot_ftle.py    32     32    10.8 %  2025-06-02T16:03:49    1.0 s  13

Used CPU time:   8.0 CPU seconds
Unused CPU time: 3.1 CPU minutes

Memory statistics, in GiB:
ID                     Alloc   Usage
6261422                 59.0        
6261422.batch           59.0     0.0
6261422.plot_ftle.py    59.0     0.0

Job 6261422 completed at Mon Jun 2 16:03:50 CEST 2025
Starting job 6261424 on c85-12 on fram at Mon Jun 2 16:06:14 CEST 2025


Currently Loaded Modules:
  1) StdEnv (S)

  Where:
   S:  Module is Sticky, requires --force to unload or purge

 


The following have been reloaded with a version change:
  1) FFTW/3.3.10-GCC-13.3.0 => FFTW/3.3.10-GCC-11.3.0
  2) FlexiBLAS/3.4.4-GCC-13.3.0 => FlexiBLAS/3.2.0-GCC-11.3.0
  3) GCC/13.3.0 => GCC/11.3.0
  4) GCCcore/13.3.0 => GCCcore/11.3.0
  5) OpenBLAS/0.3.27-GCC-13.3.0 => OpenBLAS/0.3.20-GCC-11.3.0
  6) OpenSSL/3 => OpenSSL/1.1
  7) Python/3.12.3-GCCcore-13.3.0 => Python/3.10.4-GCCcore-11.3.0
  8) SQLite/3.45.3-GCCcore-13.3.0 => SQLite/3.38.3-GCCcore-11.3.0
  9) SciPy-bundle/2024.05-gfbf-2024a => SciPy-bundle/2022.05-foss-2022a
 10) Tcl/8.6.14-GCCcore-13.3.0 => Tcl/8.6.12-GCCcore-11.3.0
 11) XZ/5.4.5-GCCcore-13.3.0 => XZ/5.2.5-GCCcore-11.3.0
 12) binutils/2.42-GCCcore-13.3.0 => binutils/2.38-GCCcore-11.3.0
 13) bzip2/1.0.8-GCCcore-13.3.0 => bzip2/1.0.8-GCCcore-11.3.0
 14) gzip/1.13-GCCcore-13.3.0 => gzip/1.12-GCCcore-11.3.0
 15) libffi/3.4.5-GCCcore-13.3.0 => libffi/3.4.2-GCCcore-11.3.0
 16) libreadline/8.2-GCCcore-13.3.0 => libreadline/8.1.2-GCCcore-11.3.0
 17) lz4/1.9.4-GCCcore-13.3.0 => lz4/1.9.3-GCCcore-11.3.0
 18) ncurses/6.5-GCCcore-13.3.0 => ncurses/6.3-GCCcore-11.3.0
 19) pybind11/2.12.0-GCC-13.3.0 => pybind11/2.9.2-GCCcore-11.3.0
 20) zlib/1.3.1-GCCcore-13.3.0 => zlib/1.2.12-GCCcore-11.3.0
 21) zstd/1.5.6-GCCcore-13.3.0 => zstd/1.5.2-GCCcore-11.3.0

slurmstepd: error: execve(): plot_ftle.py: Permission denied
slurmstepd: error: execve(): plot_ftle.py: Permission denied
slurmstepd: error: execve(): plot_ftle.py: Permission denied
slurmstepd: error: execve(): plot_ftle.py: Permission denied
slurmstepd: error: execve(): plot_ftle.py: Permission denied
slurmstepd: error: execve(): plot_ftle.py: Permission denied
slurmstepd: error: execve(): plot_ftle.py: Permission denied
slurmstepd: error: execve(): plot_ftle.py: Permission denied
slurmstepd: error: execve(): plot_ftle.py: Permission denied
slurmstepd: error: execve(): plot_ftle.py: Permission denied
slurmstepd: error: execve(): plot_ftle.py: Permission denied
slurmstepd: error: execve(): plot_ftle.py: Permission denied
slurmstepd: error: execve(): plot_ftle.py: Permission denied
slurmstepd: error: execve(): plot_ftle.py: Permission denied
slurmstepd: error: execve(): plot_ftle.py: Permission denied
slurmstepd: error: execve(): plot_ftle.py: Permission denied
slurmstepd: error: execve(): plot_ftle.py: Permission denied
slurmstepd: error: execve(): plot_ftle.py: Permission denied
slurmstepd: error: execve(): plot_ftle.py: Permission denied
slurmstepd: error: execve(): plot_ftle.py: Permission denied
slurmstepd: error: execve(): plot_ftle.py: Permission denied
slurmstepd: error: execve(): plot_ftle.py: Permission denied
slurmstepd: error: execve(): plot_ftle.py: Permission denied
slurmstepd: error: execve(): plot_ftle.py: Permission denied
slurmstepd: error: execve(): plot_ftle.py: Permission denied
slurmstepd: error: execve(): plot_ftle.py: Permission denied
slurmstepd: error: execve(): plot_ftle.py: Permission denied
slurmstepd: error: execve(): plot_ftle.py: Permission denied
slurmstepd: error: execve(): plot_ftle.py: Permission denied
slurmstepd: error: execve(): plot_ftle.py: Permission denied
slurmstepd: error: execve(): plot_ftle.py: Permission denied
slurmstepd: error: execve(): plot_ftle.py: Permission denied
srun: error: c85-12: tasks 0-31: Exited with exit code 13
srun: Terminating StepId=6261424.0

real	0m0.637s
user	0m0.020s
sys	0m0.055s

Job 6261424 consumed 0.1 billing hours from project nn8008k.

Submitted 2025-06-02T16:06:13; waited 1.0 seconds in the queue after becoming eligible to run.

Requested wallclock time: 3.0 days
Elapsed wallclock time:   6.0 seconds

Job failed.

Task and CPU statistics:
ID                    CPUs  Tasks  CPU util                Start  Elapsed  Exit status
6261424                 32            0.0 %  2025-06-02T16:06:14    6.0 s  13
6261424.batch           32      1     2.4 %  2025-06-02T16:06:14    6.0 s  13
6261424.plot_ftle.py    32     32    10.5 %  2025-06-02T16:06:19    1.0 s  13

Used CPU time:   8.0 CPU seconds
Unused CPU time: 3.1 CPU minutes

Memory statistics, in GiB:
ID                     Alloc   Usage
6261424                 59.0        
6261424.batch           59.0     0.0
6261424.plot_ftle.py    59.0     0.0

Job 6261424 completed at Mon Jun 2 16:06:20 CEST 2025
